<?xml version="1.0" encoding="UTF-8" ?>
<testsuite failures="0" time="0.739" errors="0" skipped="1" tests="21" name="com.qcadoo.mes.orderGroups.OrderGroupsServiceTest">
  <properties>
    <property name="java.runtime.name" value="Java(TM) SE Runtime Environment"/>
    <property name="sun.boot.library.path" value="/System/Library/Java/JavaVirtualMachines/1.6.0.jdk/Contents/Libraries"/>
    <property name="java.vm.version" value="20.12-b01-434"/>
    <property name="awt.nativeDoubleBuffering" value="true"/>
    <property name="gopherProxySet" value="false"/>
    <property name="mrj.build" value="11M3909"/>
    <property name="java.vm.vendor" value="Apple Inc."/>
    <property name="java.vendor.url" value="http://www.apple.com/"/>
    <property name="path.separator" value=":"/>
    <property name="guice.disable.misplaced.annotation.check" value="true"/>
    <property name="java.vm.name" value="Java HotSpot(TM) 64-Bit Server VM"/>
    <property name="file.encoding.pkg" value="sun.io"/>
    <property name="user.country" value="PL"/>
    <property name="sun.java.launcher" value="SUN_STANDARD"/>
    <property name="sun.os.patch.level" value="unknown"/>
    <property name="java.vm.specification.name" value="Java Virtual Machine Specification"/>
    <property name="user.dir" value="/Users/alinabrauer/Projects/qcadoo-src/mes"/>
    <property name="java.runtime.version" value="1.6.0_37-b06-434-11M3909"/>
    <property name="java.awt.graphicsenv" value="apple.awt.CGraphicsEnvironment"/>
    <property name="java.endorsed.dirs" value="/System/Library/Java/JavaVirtualMachines/1.6.0.jdk/Contents/Home/lib/endorsed"/>
    <property name="os.arch" value="x86_64"/>
    <property name="java.io.tmpdir" value="/var/folders/2l/fxfxgqdd72lf2fy63thnthsc0000gn/T/"/>
    <property name="line.separator" value="
"/>
    <property name="java.vm.specification.vendor" value="Sun Microsystems Inc."/>
    <property name="os.name" value="Mac OS X"/>
    <property name="classworlds.conf" value="/usr/share/maven/bin/m2.conf"/>
    <property name="sun.jnu.encoding" value="MacCentralEurope"/>
    <property name="java.library.path" value=".:/Library/Java/Extensions:/System/Library/Java/Extensions:/usr/lib/java"/>
    <property name="java.specification.name" value="Java Platform API Specification"/>
    <property name="java.class.version" value="50.0"/>
    <property name="sun.management.compiler" value="HotSpot 64-Bit Tiered Compilers"/>
    <property name="os.version" value="10.7.3"/>
    <property name="http.nonProxyHosts" value="local|*.local|169.254/16|*.169.254/16"/>
    <property name="user.home" value="/Users/alinabrauer"/>
    <property name="user.timezone" value="Europe/Warsaw"/>
    <property name="java.awt.printerjob" value="apple.awt.CPrinterJob"/>
    <property name="java.specification.version" value="1.6"/>
    <property name="file.encoding" value="MacCentralEurope"/>
    <property name="user.name" value="alinabrauer"/>
    <property name="java.class.path" value="/usr/share/maven/boot/plexus-classworlds-2.4.jar"/>
    <property name="java.vm.specification.version" value="1.0"/>
    <property name="sun.arch.data.model" value="64"/>
    <property name="java.home" value="/System/Library/Java/JavaVirtualMachines/1.6.0.jdk/Contents/Home"/>
    <property name="sun.java.command" value="org.codehaus.plexus.classworlds.launcher.Launcher clean install -o"/>
    <property name="java.specification.vendor" value="Sun Microsystems Inc."/>
    <property name="user.language" value="pl"/>
    <property name="awt.toolkit" value="apple.awt.CToolkit"/>
    <property name="java.vm.info" value="mixed mode"/>
    <property name="java.version" value="1.6.0_37"/>
    <property name="java.ext.dirs" value="/Library/Java/Extensions:/System/Library/Java/Extensions:/System/Library/Java/JavaVirtualMachines/1.6.0.jdk/Contents/Home/lib/ext"/>
    <property name="sun.boot.class.path" value="/System/Library/Java/JavaVirtualMachines/1.6.0.jdk/Contents/Classes/jsfd.jar:/System/Library/Java/JavaVirtualMachines/1.6.0.jdk/Contents/Classes/classes.jar:/System/Library/Frameworks/JavaVM.framework/Frameworks/JavaRuntimeSupport.framework/Resources/Java/JavaRuntimeSupport.jar:/System/Library/Java/JavaVirtualMachines/1.6.0.jdk/Contents/Classes/ui.jar:/System/Library/Java/JavaVirtualMachines/1.6.0.jdk/Contents/Classes/laf.jar:/System/Library/Java/JavaVirtualMachines/1.6.0.jdk/Contents/Classes/sunrsasign.jar:/System/Library/Java/JavaVirtualMachines/1.6.0.jdk/Contents/Classes/jsse.jar:/System/Library/Java/JavaVirtualMachines/1.6.0.jdk/Contents/Classes/jce.jar:/System/Library/Java/JavaVirtualMachines/1.6.0.jdk/Contents/Classes/charsets.jar"/>
    <property name="java.vendor" value="Apple Inc."/>
    <property name="maven.home" value="/usr/share/maven"/>
    <property name="file.separator" value="/"/>
    <property name="java.vendor.url.bug" value="http://bugreport.apple.com/"/>
    <property name="sun.cpu.endian" value="little"/>
    <property name="sun.io.unicode.encoding" value="UnicodeLittle"/>
    <property name="mrj.version" value="1070.1.6.0_37-434"/>
    <property name="socksNonProxyHosts" value="local|*.local|169.254/16|*.169.254/16"/>
    <property name="ftp.nonProxyHosts" value="local|*.local|169.254/16|*.169.254/16"/>
    <property name="sun.cpu.isalist" value=""/>
  </properties>
  <testcase time="0.464" classname="com.qcadoo.mes.orderGroups.OrderGroupsServiceTest" name="shouldReturnTrueIfBounaryContainsGivenDate"/>
  <testcase time="0.012" classname="com.qcadoo.mes.orderGroups.OrderGroupsServiceTest" name="shouldReturnTrueIfLowerBounaryIsNotSetAndUpperContainsEndDate"/>
  <testcase time="0.013" classname="com.qcadoo.mes.orderGroups.OrderGroupsServiceTest" name="shouldReturnTrueIfUpperBounaryIsNotSetAndLowerContainsStartDate"/>
  <testcase time="0.01" classname="com.qcadoo.mes.orderGroups.OrderGroupsServiceTest" name="shouldReturnFalseIfUpperBounaryIsExceeded"/>
  <testcase time="0.009" classname="com.qcadoo.mes.orderGroups.OrderGroupsServiceTest" name="shouldReturnFalseIfLowerBounaryIsExceeded"/>
  <testcase time="0.086" classname="com.qcadoo.mes.orderGroups.OrderGroupsServiceTest" name="shouldReturnTrueIfBoundariesAreEquals"/>
  <testcase time="0" classname="com.qcadoo.mes.orderGroups.OrderGroupsServiceTest" name="shouldReturnTrueIfBoundariesIsTheSameOneDay"/>
  <testcase time="0.007" classname="com.qcadoo.mes.orderGroups.OrderGroupsServiceTest" name="shouldReturnFalseIfBounariesAreExceeded"/>
  <testcase time="0.008" classname="com.qcadoo.mes.orderGroups.OrderGroupsServiceTest" name="shouldReturnTrueIfGroupDateBoundariesAreCorrect"/>
  <testcase time="0.003" classname="com.qcadoo.mes.orderGroups.OrderGroupsServiceTest" name="shouldReturnTrueIfGroupIsNull"/>
  <testcase time="0.004" classname="com.qcadoo.mes.orderGroups.OrderGroupsServiceTest" name="shouldReturnTrueIfOrdersIsEmpty"/>
  <testcase time="0.005" classname="com.qcadoo.mes.orderGroups.OrderGroupsServiceTest" name="shouldReturnFalseIfGroupDateBoundariesAreIncorrect"/>
  <testcase time="0.025" classname="com.qcadoo.mes.orderGroups.OrderGroupsServiceTest" name="shouldFireValidatorAndReturnFalse"/>
  <testcase time="0" classname="com.qcadoo.mes.orderGroups.OrderGroupsServiceTest" name="shouldFireValidatorAndReturnTrue"/>
  <testcase time="0.006" classname="com.qcadoo.mes.orderGroups.OrderGroupsServiceTest" name="shouldReturnTrueIfOrdersIsNull"/>
  <testcase time="0.026" classname="com.qcadoo.mes.orderGroups.OrderGroupsServiceTest" name="shouldNotGenerateNumberAndNameForAlreadyNumberedGroup"/>
  <testcase time="0.04" classname="com.qcadoo.mes.orderGroups.OrderGroupsServiceTest" name="shouldGenerateNumberAndNameIfDoesNotExists"/>
  <testcase time="0" classname="com.qcadoo.mes.orderGroups.OrderGroupsServiceTest" name="shouldGenerateOnlyNumberIfNameAlreadyExists"/>
  <testcase time="0" classname="com.qcadoo.mes.orderGroups.OrderGroupsServiceTest" name="shouldRedirectToOrdersList">
    <skipped/>
  </testcase>
  <testcase time="0.02" classname="com.qcadoo.mes.orderGroups.OrderGroupsServiceTest" name="shouldNotRedirectToOrdersListIfFormEntityIsNull"/>
  <testcase time="0.001" classname="com.qcadoo.mes.orderGroups.OrderGroupsServiceTest" name="shouldNotRedirectToOrdersListIfGroupNameIsNull"/>
</testsuite>